# JRE version: OpenJDK Runtime Environment (21.0.1+12) (build 21.0.1+12-29)
# Java VM: OpenJDK 64-Bit Server VM (21.0.1+12-29, mixed mode, emulated-client, sharing, tiered, compressed oops, compressed class ptrs, g1 gc, windows-amd64)
GC Precious Log:
 CardTable entry size: 512
 Card Set container configuration: InlinePtr #cards 4 size 8 Array Of Cards #cards 16 size 48 Howl #buckets 8 coarsen threshold 3686 Howl Bitmap #cards 512 size 80 coarsen threshold 460 Card regions per heap region 1 cards per card region 4096
 CPUs: 16 total, 16 available
 Memory: 16328M
 Large Page Support: Disabled
 NUMA Support: Disabled
 Compressed Oops: Enabled (Zero based)
 Heap Region Size: 2M
 Heap Min Capacity: 8M
 Heap Initial Capacity: 256M
 Heap Max Capacity: 4084M
 Pre-touch: Disabled
 Parallel Workers: 13
 Concurrent Workers: 3
 Concurrent Refinement Workers: 13
 Periodic GC: Disabled
Heap:
 garbage-first heap   total 81920K, used 58396K [0x0000000700c00000, 0x0000000800000000)
  region size 2048K, 15 young (30720K), 2 survivors (4096K)
 Metaspace       used 71245K, committed 72064K, reserved 1114112K
  class space    used 10162K, committed 10496K, reserved 1048576K
GC Heap History (20 events):
Event: 1.268 GC heap before
{Heap before GC invocations=4 (full 0):
 garbage-first heap   total 55296K, used 40421K [0x0000000700c00000, 0x0000000800000000)
  region size 2048K, 16 young (32768K), 3 survivors (6144K)
 Metaspace       used 24418K, committed 24832K, reserved 1114112K
  class space    used 3315K, committed 3520K, reserved 1048576K
}
Event: 1.273 GC heap after
{Heap after GC invocations=5 (full 0):
 garbage-first heap   total 55296K, used 15492K [0x0000000700c00000, 0x0000000800000000)
  region size 2048K, 2 young (4096K), 2 survivors (4096K)
 Metaspace       used 24418K, committed 24832K, reserved 1114112K
  class space    used 3315K, committed 3520K, reserved 1048576K
}
Event: 1.583 GC heap before
{Heap before GC invocations=5 (full 0):
 garbage-first heap   total 55296K, used 38020K [0x0000000700c00000, 0x0000000800000000)
  region size 2048K, 13 young (26624K), 2 survivors (4096K)
 Metaspace       used 27858K, committed 28416K, reserved 1114112K
  class space    used 3856K, committed 4096K, reserved 1048576K
}
Event: 1.588 GC heap after
{Heap after GC invocations=6 (full 0):
 garbage-first heap   total 55296K, used 17119K [0x0000000700c00000, 0x0000000800000000)
  region size 2048K, 2 young (4096K), 2 survivors (4096K)
 Metaspace       used 27858K, committed 28416K, reserved 1114112K
  class space    used 3856K, committed 4096K, reserved 1048576K
}
Event: 1.874 GC heap before
{Heap before GC invocations=6 (full 0):
 garbage-first heap   total 55296K, used 39647K [0x0000000700c00000, 0x0000000800000000)
  region size 2048K, 13 young (26624K), 2 survivors (4096K)
 Metaspace       used 31699K, committed 32320K, reserved 1114112K
  class space    used 4393K, committed 4672K, reserved 1048576K
}
Event: 1.877 GC heap after
{Heap after GC invocations=7 (full 0):
 garbage-first heap   total 159744K, used 18985K [0x0000000700c00000, 0x0000000800000000)
  region size 2048K, 2 young (4096K), 2 survivors (4096K)
 Metaspace       used 31699K, committed 32320K, reserved 1114112K
  class space    used 4393K, committed 4672K, reserved 1048576K
}
Event: 2.087 GC heap before
{Heap before GC invocations=7 (full 0):
 garbage-first heap   total 159744K, used 35369K [0x0000000700c00000, 0x0000000800000000)
  region size 2048K, 11 young (22528K), 2 survivors (4096K)
 Metaspace       used 35439K, committed 36096K, reserved 1114112K
  class space    used 4941K, committed 5248K, reserved 1048576K
}
Event: 2.090 GC heap after
{Heap after GC invocations=8 (full 0):
 garbage-first heap   total 159744K, used 20096K [0x0000000700c00000, 0x0000000800000000)
  region size 2048K, 3 young (6144K), 3 survivors (6144K)
 Metaspace       used 35439K, committed 36096K, reserved 1114112K
  class space    used 4941K, committed 5248K, reserved 1048576K
}
Event: 2.661 GC heap before
{Heap before GC invocations=9 (full 0):
 garbage-first heap   total 81920K, used 63104K [0x0000000700c00000, 0x0000000800000000)
  region size 2048K, 24 young (49152K), 3 survivors (6144K)
 Metaspace       used 46044K, committed 46720K, reserved 1114112K
  class space    used 6418K, committed 6720K, reserved 1048576K
}
Event: 2.666 GC heap after
{Heap after GC invocations=10 (full 0):
 garbage-first heap   total 81920K, used 23075K [0x0000000700c00000, 0x0000000800000000)
  region size 2048K, 3 young (6144K), 3 survivors (6144K)
 Metaspace       used 46044K, committed 46720K, reserved 1114112K
  class space    used 6418K, committed 6720K, reserved 1048576K
}
Event: 3.265 GC heap before
{Heap before GC invocations=10 (full 0):
 garbage-first heap   total 81920K, used 66083K [0x0000000700c00000, 0x0000000800000000)
  region size 2048K, 24 young (49152K), 3 survivors (6144K)
 Metaspace       used 57461K, committed 58176K, reserved 1114112K
  class space    used 8134K, committed 8448K, reserved 1048576K
}
Event: 3.269 GC heap after
{Heap after GC invocations=11 (full 0):
 garbage-first heap   total 81920K, used 25894K [0x0000000700c00000, 0x0000000800000000)
  region size 2048K, 3 young (6144K), 3 survivors (6144K)
 Metaspace       used 57461K, committed 58176K, reserved 1114112K
  class space    used 8134K, committed 8448K, reserved 1048576K
}
Event: 3.404 GC heap before
{Heap before GC invocations=11 (full 0):
 garbage-first heap   total 81920K, used 34086K [0x0000000700c00000, 0x0000000800000000)
  region size 2048K, 8 young (16384K), 3 survivors (6144K)
 Metaspace       used 59761K, committed 60416K, reserved 1114112K
  class space    used 8453K, committed 8768K, reserved 1048576K
}
Event: 3.408 GC heap after
{Heap after GC invocations=12 (full 0):
 garbage-first heap   total 81920K, used 26872K [0x0000000700c00000, 0x0000000800000000)
  region size 2048K, 2 young (4096K), 2 survivors (4096K)
 Metaspace       used 59761K, committed 60416K, reserved 1114112K
  class space    used 8453K, committed 8768K, reserved 1048576K
}
Event: 4.045 GC heap before
{Heap before GC invocations=13 (full 0):
 garbage-first heap   total 81920K, used 69880K [0x0000000700c00000, 0x0000000800000000)
  region size 2048K, 23 young (47104K), 2 survivors (4096K)
 Metaspace       used 65910K, committed 66752K, reserved 1114112K
  class space    used 9400K, committed 9792K, reserved 1048576K
}
Event: 4.049 GC heap after
{Heap after GC invocations=14 (full 0):
 garbage-first heap   total 81920K, used 31489K [0x0000000700c00000, 0x0000000800000000)
  region size 2048K, 3 young (6144K), 3 survivors (6144K)
 Metaspace       used 65910K, committed 66752K, reserved 1114112K
  class space    used 9400K, committed 9792K, reserved 1048576K
}
Event: 552.809 GC heap before
{Heap before GC invocations=14 (full 0):
 garbage-first heap   total 81920K, used 66305K [0x0000000700c00000, 0x0000000800000000)
  region size 2048K, 21 young (43008K), 3 survivors (6144K)
 Metaspace       used 71143K, committed 71936K, reserved 1114112K
  class space    used 10144K, committed 10496K, reserved 1048576K
}
Event: 552.814 GC heap after
{Heap after GC invocations=15 (full 0):
 garbage-first heap   total 81920K, used 33647K [0x0000000700c00000, 0x0000000800000000)
  region size 2048K, 2 young (4096K), 2 survivors (4096K)
 Metaspace       used 71143K, committed 71936K, reserved 1114112K
  class space    used 10144K, committed 10496K, reserved 1048576K
}
Event: 1887.432 GC heap before
{Heap before GC invocations=15 (full 0):
 garbage-first heap   total 81920K, used 68463K [0x0000000700c00000, 0x0000000800000000)
  region size 2048K, 19 young (38912K), 2 survivors (4096K)
 Metaspace       used 71203K, committed 72000K, reserved 1114112K
  class space    used 10156K, committed 10496K, reserved 1048576K
}
Event: 1887.434 GC heap after
{Heap after GC invocations=16 (full 0):
 garbage-first heap   total 81920K, used 33820K [0x0000000700c00000, 0x0000000800000000)
  region size 2048K, 2 young (4096K), 2 survivors (4096K)
 Metaspace       used 71203K, committed 72000K, reserved 1114112K
  class space    used 10156K, committed 10496K, reserved 1048576K
}

